{
  "RSpec": {
    "coverage": {
      "/home/micahjwhite/tic-tac-toe-rb-online-web-sp-000/lib/tic_tac_toe.rb": [
        null,
        1,
        null,
        null,
        null,
        null,
        null,
        null,
        null,
        null,
        null,
        1,
        null,
        1,
        24,
        24,
        24,
        24,
        24,
        null,
        null,
        1,
        23,
        null,
        null,
        1,
        22,
        null,
        null,
        1,
        4,
        2,
        2,
        2,
        null,
        null,
        null,
        1,
        23,
        20,
        null,
        3,
        null,
        null,
        null,
        1,
        20,
        20,
        20,
        20,
        19,
        19,
        null,
        1,
        null,
        null,
        null,
        1,
        21,
        21,
        189,
        31,
        null,
        null,
        null,
        21,
        null,
        null,
        1,
        20,
        14,
        null,
        6,
        null,
        null,
        null,
        1,
        62,
        429,
        429,
        429,
        429,
        429,
        429,
        429,
        17,
        null,
        null,
        null,
        45,
        null,
        null,
        1,
        35,
        35,
        315,
        152,
        null,
        null,
        null,
        35,
        9,
        null,
        26,
        null,
        null,
        null,
        1,
        23,
        7,
        null,
        16,
        null,
        null,
        null,
        1,
        21,
        10,
        null,
        11,
        null,
        null,
        null,
        1,
        7,
        6,
        25,
        25,
        25,
        25,
        25,
        25,
        25,
        4,
        21,
        2,
        null,
        null,
        null,
        null,
        null,
        null,
        null,
        null,
        1,
        12,
        17,
        null,
        12,
        5,
        7,
        3,
        null,
        null
      ]
    },
    "timestamp": 1586204839
  }
}
